1637426784.150055 client started (23159): version 3.0a, socket /tmp/tmux-1000/default, protocol 8
1637426784.150067 on Linux 5.4.0-90-generic #101-Ubuntu SMP Fri Oct 15 20:00:55 UTC 2021; libevent 2.1.11-stable (poll)
1637426784.150077 socket is /tmp/tmux-1000/default
1637426784.150084 trying connect
1637426784.150091 connect failed: No such file or directory
1637426784.150096 lock file is /tmp/tmux-1000/default.lock
1637426784.150109 flock succeeded
1637426784.150111 got lock (6)
1637426784.150115 trying connect
1637426784.150118 connect failed: No such file or directory
1637426784.150197 add peer 0x55e0308d4750: 7 ((nil))
1637426784.150264 sending message 100 to peer 0x55e0308d4750 (4 bytes)
1637426784.150268 sending message 101 to peer 0x55e0308d4750 (15 bytes)
1637426784.150270 sending message 102 to peer 0x55e0308d4750 (11 bytes)
1637426784.150272 sending message 108 to peer 0x55e0308d4750 (18 bytes)
1637426784.150293 sending message 104 to peer 0x55e0308d4750 (0 bytes)
1637426784.150296 sending message 107 to peer 0x55e0308d4750 (4 bytes)
1637426784.150298 sending message 105 to peer 0x55e0308d4750 (33 bytes)
1637426784.150300 sending message 105 to peer 0x55e0308d4750 (41 bytes)
1637426784.150315 sending message 105 to peer 0x55e0308d4750 (74 bytes)
1637426784.150317 sending message 105 to peer 0x55e0308d4750 (86 bytes)
1637426784.150320 sending message 105 to peer 0x55e0308d4750 (19 bytes)
1637426784.150322 sending message 105 to peer 0x55e0308d4750 (33 bytes)
1637426784.150324 sending message 105 to peer 0x55e0308d4750 (17 bytes)
1637426784.150326 sending message 105 to peer 0x55e0308d4750 (30 bytes)
1637426784.150328 sending message 105 to peer 0x55e0308d4750 (18 bytes)
1637426784.150330 sending message 105 to peer 0x55e0308d4750 (20 bytes)
1637426784.150332 sending message 105 to peer 0x55e0308d4750 (52 bytes)
1637426784.150334 sending message 105 to peer 0x55e0308d4750 (18 bytes)
1637426784.150337 sending message 105 to peer 0x55e0308d4750 (8 bytes)
1637426784.150339 sending message 105 to peer 0x55e0308d4750 (23 bytes)
1637426784.150341 sending message 105 to peer 0x55e0308d4750 (23 bytes)
1637426784.150343 sending message 105 to peer 0x55e0308d4750 (14 bytes)
1637426784.150350 sending message 105 to peer 0x55e0308d4750 (24 bytes)
1637426784.150358 sending message 105 to peer 0x55e0308d4750 (27 bytes)
1637426784.150360 sending message 105 to peer 0x55e0308d4750 (17 bytes)
1637426784.150363 sending message 105 to peer 0x55e0308d4750 (54 bytes)
1637426784.150365 sending message 105 to peer 0x55e0308d4750 (22 bytes)
1637426784.150367 sending message 105 to peer 0x55e0308d4750 (23 bytes)
1637426784.150369 sending message 105 to peer 0x55e0308d4750 (16 bytes)
1637426784.150371 sending message 105 to peer 0x55e0308d4750 (28 bytes)
1637426784.150373 sending message 105 to peer 0x55e0308d4750 (13 bytes)
1637426784.150376 sending message 105 to peer 0x55e0308d4750 (27 bytes)
1637426784.150378 sending message 105 to peer 0x55e0308d4750 (23 bytes)
1637426784.150380 sending message 105 to peer 0x55e0308d4750 (19 bytes)
1637426784.150382 sending message 105 to peer 0x55e0308d4750 (44 bytes)
1637426784.150384 sending message 105 to peer 0x55e0308d4750 (16 bytes)
1637426784.150386 sending message 105 to peer 0x55e0308d4750 (20 bytes)
1637426784.150388 sending message 105 to peer 0x55e0308d4750 (85 bytes)
1637426784.150391 sending message 105 to peer 0x55e0308d4750 (29 bytes)
1637426784.150393 sending message 105 to peer 0x55e0308d4750 (21 bytes)
1637426784.150395 sending message 105 to peer 0x55e0308d4750 (11 bytes)
1637426784.150397 sending message 105 to peer 0x55e0308d4750 (177 bytes)
1637426784.150399 sending message 105 to peer 0x55e0308d4750 (20 bytes)
1637426784.150401 sending message 105 to peer 0x55e0308d4750 (45 bytes)
1637426784.150404 sending message 105 to peer 0x55e0308d4750 (21 bytes)
1637426784.150406 sending message 105 to peer 0x55e0308d4750 (21 bytes)
1637426784.150408 sending message 105 to peer 0x55e0308d4750 (32 bytes)
1637426784.150410 sending message 105 to peer 0x55e0308d4750 (31 bytes)
1637426784.150412 sending message 105 to peer 0x55e0308d4750 (24 bytes)
1637426784.150419 sending message 105 to peer 0x55e0308d4750 (19 bytes)
1637426784.150421 sending message 105 to peer 0x55e0308d4750 (25 bytes)
1637426784.150423 sending message 105 to peer 0x55e0308d4750 (12 bytes)
1637426784.150425 sending message 105 to peer 0x55e0308d4750 (47 bytes)
1637426784.150427 sending message 105 to peer 0x55e0308d4750 (8 bytes)
1637426784.150429 sending message 105 to peer 0x55e0308d4750 (41 bytes)
1637426784.150431 sending message 105 to peer 0x55e0308d4750 (20 bytes)
1637426784.150433 sending message 105 to peer 0x55e0308d4750 (11 bytes)
1637426784.150436 sending message 105 to peer 0x55e0308d4750 (20 bytes)
1637426784.150438 sending message 105 to peer 0x55e0308d4750 (23 bytes)
1637426784.150440 sending message 105 to peer 0x55e0308d4750 (23 bytes)
1637426784.150442 sending message 105 to peer 0x55e0308d4750 (18 bytes)
1637426784.150444 sending message 105 to peer 0x55e0308d4750 (29 bytes)
1637426784.150446 sending message 105 to peer 0x55e0308d4750 (24 bytes)
1637426784.150448 sending message 105 to peer 0x55e0308d4750 (18 bytes)
1637426784.150450 sending message 105 to peer 0x55e0308d4750 (11 bytes)
1637426784.150452 sending message 105 to peer 0x55e0308d4750 (8 bytes)
1637426784.150454 sending message 105 to peer 0x55e0308d4750 (32 bytes)
1637426784.150457 sending message 105 to peer 0x55e0308d4750 (1506 bytes)
1637426784.150460 sending message 105 to peer 0x55e0308d4750 (41 bytes)
1637426784.150463 sending message 105 to peer 0x55e0308d4750 (140 bytes)
1637426784.150465 sending message 105 to peer 0x55e0308d4750 (12 bytes)
1637426784.150467 sending message 105 to peer 0x55e0308d4750 (22 bytes)
1637426784.150469 sending message 105 to peer 0x55e0308d4750 (16 bytes)
1637426784.150471 sending message 105 to peer 0x55e0308d4750 (48 bytes)
1637426784.150473 sending message 105 to peer 0x55e0308d4750 (57 bytes)
1637426784.150476 sending message 106 to peer 0x55e0308d4750 (0 bytes)
1637426784.150478 sending message 200 to peer 0x55e0308d4750 (4 bytes)
1637426784.150480 client loop enter
1637426784.179798 peer 0x55e0308d4750 message 207
1637426784.179808 sending message 208 to peer 0x55e0308d4750 (0 bytes)
1637426792.529871 peer 0x55e0308d4750 message 203
1637426792.529906 sending message 205 to peer 0x55e0308d4750 (0 bytes)
1637426792.530551 peer 0x55e0308d4750 message 204
1637426792.530572 client loop exit
